[2022-09-20T14:52:32.073Z] error: error Unexpected token U in JSON at position 0
[2022-09-20T14:53:11.241Z] error: error Unexpected token U in JSON at position 0
[2022-09-20T14:54:24.562Z] error: error Converting circular structure to JSON
    --> starting at object with constructor 'MongoClient'
    |     property 's' -> object with constructor 'Object'
    |     property 'sessionPool' -> object with constructor 'ServerSessionPool'
    --- property 'client' closes the circle
[2022-09-20T14:55:06.752Z] error: error Converting circular structure to JSON
    --> starting at object with constructor 'MongoClient'
    |     property 's' -> object with constructor 'Object'
    |     property 'sessionPool' -> object with constructor 'ServerSessionPool'
    --- property 'client' closes the circle
[2022-09-20T14:56:03.497Z] error: error Unexpected token U in JSON at position 0
[2022-09-20T14:56:33.483Z] error: error Converting circular structure to JSON
    --> starting at object with constructor 'MongoClient'
    |     property 's' -> object with constructor 'Object'
    |     property 'sessionPool' -> object with constructor 'ServerSessionPool'
    --- property 'client' closes the circle
[2022-09-20T15:11:30.064Z] error: Cannot read properties of undefined (reading 'render')
[2022-09-21T05:47:32.742Z] error: Cannot create property '_locals' on string 'dashboard'
[2022-09-21T17:00:18.954Z] error: Cannot read properties of undefined (reading 'send')
[2022-10-11T00:42:39.218Z] error: res.status is not a function
[2022-10-11T19:21:08.154Z] error: res.status is not a function
[2022-10-11T19:22:36.778Z] error: res.status is not a function
[2022-10-11T19:23:52.061Z] error: res.status is not a function
[2022-10-15T03:13:15.067Z] error: Invalid status code: { message: 'Login successful', login: true }
[2022-10-31T00:42:26.932Z] error: res.status is not a function
[2022-10-31T00:46:38.852Z] error: res.status is not a function
[2022-10-31T02:16:02.386Z] error: res.status is not a function
[2022-10-31T02:19:39.216Z] error: res.status is not a function
[2022-10-31T02:28:51.614Z] error: res.status is not a function
[2022-10-31T02:44:50.284Z] error: data and salt arguments required
[2022-10-31T02:45:18.172Z] error: data and salt arguments required
[2022-10-31T02:45:39.105Z] error: data and salt arguments required
[2022-10-31T02:45:54.529Z] error: data and salt arguments required
[2022-10-31T02:46:16.684Z] error: rounds must be a number
[2022-10-31T02:46:28.635Z] error: data and salt arguments required
[2022-10-31T02:46:58.247Z] error: data and salt arguments required
[2022-10-31T02:48:18.677Z] error: data and salt arguments required
[2022-10-31T02:48:44.164Z] error: data and salt arguments required
[2022-10-31T02:50:15.933Z] error: data and salt arguments required
[2022-10-31T02:52:56.765Z] error: data and salt arguments required
[2022-10-31T02:53:17.037Z] error: data and salt arguments required
[2022-10-31T02:53:35.779Z] error: User validation failed: age: Path `age` is required., firstName: Path `firstName` is required., lastName: Path `lastName` is required., email: Path `email` is required., phone: Path `phone` is required., address: Path `address` is required., avatar: Path `avatar` is required., password: Path `password` is required.
[2022-10-31T02:54:07.546Z] error: User validation failed: age: Path `age` is required.
[2022-10-31T02:55:02.958Z] error: User validation failed: age: Path `age` is required.
[2022-10-31T02:58:37.122Z] error: User validation failed: password: Path `password` is required.
[2022-10-31T03:00:58.419Z] error: data and salt arguments required
[2022-10-31T03:01:57.361Z] error: data and salt arguments required
[2022-10-31T03:03:28.220Z] error: data and salt arguments required
[2022-10-31T03:04:07.920Z] error: data and salt arguments required
[2022-10-31T03:07:01.476Z] error: data and salt arguments required
[2022-10-31T03:08:20.226Z] error: data and salt arguments required
[2022-10-31T03:35:35.174Z] error: Cannot destructure property 'firstName' of 'req.body.user' as it is undefined.
[2022-10-31T03:36:21.589Z] error: User validation failed: email: Por favor ingrese un email válido
[2022-10-31T03:40:08.210Z] error: User validation failed: firstName: Path `firstName` is required.
[2022-10-31T03:40:36.697Z] error: User validation failed: firstName: Path `firstName` is required.
[2022-10-31T03:41:49.326Z] error: User validation failed: email: Por favor ingrese un email válido
[2022-11-01T20:05:31.647Z] error: error Cast to ObjectId failed for value "{ id: '635f44be1330b65b13f1769c' }" (type Object) at path "_id" for model "User"
[2022-11-01T20:05:47.231Z] error: error Cast to ObjectId failed for value "{
  id: '635f44be1330b65b13f1769c',
  update: {
    firstName: 'Luis44',
    lastName: 'Mera',
    email: 'luhdddde@luhtttt',
    phone: 23432,
    age: 33,
    address: 'dsfsd',
    avatar: 'avatar',
    password: '1',
    role: 'user'
  }
}" (type Object) at path "_id" for model "User"
[2022-11-01T20:07:02.947Z] error: error update is not defined
[2022-11-01T20:08:38.899Z] error: error Cannot destructure property 'firstName' of 'update' as it is undefined.
[2022-11-01T20:08:57.862Z] error: error Cannot destructure property 'firstName' of 'update' as it is undefined.
[2022-11-01T20:09:39.062Z] error: error Cannot destructure property 'firstName' of 'update' as it is undefined.
[2022-11-01T20:11:33.665Z] error: error Cannot destructure property 'firstName' of 'update' as it is undefined.
[2022-11-01T20:12:00.470Z] error: error Cast to ObjectId failed for value "{ id: '635f44be1330b65b13f1769c', update: undefined }" (type Object) at path "_id" for model "User"
[2022-11-01T20:13:19.791Z] error: error update is not defined
[2022-11-03T00:19:34.684Z] error: No se pudo generar el token
[2022-11-03T00:26:53.273Z] error: error Converting circular structure to JSON
    --> starting at object with constructor 'MongoClient'
    |     property 's' -> object with constructor 'Object'
    |     property 'sessionPool' -> object with constructor 'ServerSessionPool'
    --- property 'client' closes the circle
[2022-11-03T00:27:26.832Z] error: error Converting circular structure to JSON
    --> starting at object with constructor 'MongoClient'
    |     property 's' -> object with constructor 'Object'
    |     property 'sessionPool' -> object with constructor 'ServerSessionPool'
    --- property 'client' closes the circle
[2022-11-03T00:28:18.716Z] error: error Converting circular structure to JSON
    --> starting at object with constructor 'MongoClient'
    |     property 's' -> object with constructor 'Object'
    |     property 'sessionPool' -> object with constructor 'ServerSessionPool'
    --- property 'client' closes the circle
[2022-11-03T00:28:49.446Z] error: error Converting circular structure to JSON
    --> starting at object with constructor 'MongoClient'
    |     property 's' -> object with constructor 'Object'
    |     property 'sessionPool' -> object with constructor 'ServerSessionPool'
    --- property 'client' closes the circle
[2022-11-03T00:29:17.904Z] error: error Converting circular structure to JSON
    --> starting at object with constructor 'MongoClient'
    |     property 's' -> object with constructor 'Object'
    |     property 'sessionPool' -> object with constructor 'ServerSessionPool'
    --- property 'client' closes the circle
[2022-11-03T00:35:32.324Z] error: User validation failed: email: Por favor ingrese un email válido
[2022-11-03T00:36:40.435Z] error: document must have an _id before saving
[2022-11-03T00:36:48.775Z] error: document must have an _id before saving
[2022-11-03T00:37:05.622Z] error: document must have an _id before saving
[2022-11-09T03:57:56.466Z] error: User validation failed: password2: Path `password2` is required.
[2022-11-09T03:58:40.306Z] error: User validation failed: password2: Path `password2` is required.
[2022-11-09T03:59:04.114Z] error: User validation failed: password2: Path `password2` is required.
[2022-11-09T03:59:55.964Z] error: User validation failed: password2: Path `password2` is required.
[2022-11-09T04:00:09.762Z] error: User validation failed: password2: Path `password2` is required.
[2022-11-09T04:00:23.143Z] error: User validation failed: password2: Path `password2` is required.
[2022-11-09T04:00:25.017Z] error: User validation failed: password2: Path `password2` is required.
[2022-11-09T04:01:37.725Z] error: User validation failed: password2: Path `password2` is required.
[2022-11-09T04:05:58.477Z] error: The from address does not match a verified Sender Identity. Mail cannot be sent until this error is resolved. Visit https://sendgrid.com/docs/for-developers/sending-email/sender-identity/ to see the Sender Identity requirements
[2022-11-09T04:08:14.443Z] error: The from address does not match a verified Sender Identity. Mail cannot be sent until this error is resolved. Visit https://sendgrid.com/docs/for-developers/sending-email/sender-identity/ to see the Sender Identity requirements
[2022-11-09T04:10:48.536Z] error: The from address does not match a verified Sender Identity. Mail cannot be sent until this error is resolved. Visit https://sendgrid.com/docs/for-developers/sending-email/sender-identity/ to see the Sender Identity requirements
[2022-11-11T02:06:26.708Z] error: Error: connect ECONNREFUSED 127.0.0.1:27017
[2022-11-11T02:08:09.411Z] error: Cannot set headers after they are sent to the client
[2022-11-11T02:10:01.378Z] error: Cannot set headers after they are sent to the client
[2022-11-11T02:14:49.802Z] error: Cannot set headers after they are sent to the client
[2022-11-11T02:15:59.554Z] error: Cannot set headers after they are sent to the client
